<?xml version="1.0" encoding="UTF-8"?>
<!-- Generated by org.testng.reporters.JUnitReportReporter -->
<testsuite skipped="0" hostname="BLRPTMAMBILY" name="com.restassured.tests.OAuth_Preemptive_Method2" tests="1" failures="0" timestamp="12 Apr 2020 15:09:58 GMT" time="1.892" errors="0">
  <testcase name="authenticationMethod" time="1.892" classname="com.restassured.tests.OAuth_Preemptive_Method2"/>
</testsuite> <!-- com.restassured.tests.OAuth_Preemptive_Method2 -->
