<?xml version="1.0" encoding="UTF-8"?>
<!-- Generated by org.testng.reporters.JUnitReportReporter -->
<testsuite skipped="0" hostname="BLRPTMAMBILY" name="com.restassured.tests.PostExample" tests="1" failures="0" timestamp="12 Apr 2020 07:58:55 GMT" time="1.512" errors="0">
  <testcase name="postMethod" time="1.512" classname="com.restassured.tests.PostExample"/>
</testsuite> <!-- com.restassured.tests.PostExample -->
