<?xml version="1.0" encoding="UTF-8"?>
<!-- Generated by org.testng.reporters.JUnitReportReporter -->
<testsuite skipped="0" hostname="BLRPTMAMBILY" name="com.restassured.tests.PutExample" tests="1" failures="0" timestamp="12 Apr 2020 07:59:43 GMT" time="1.479" errors="0">
  <testcase name="putMethod" time="1.479" classname="com.restassured.tests.PutExample"/>
</testsuite> <!-- com.restassured.tests.PutExample -->
