<?xml version="1.0" encoding="UTF-8"?>
<!-- Generated by org.testng.reporters.JUnitReportReporter -->
<testsuite skipped="0" hostname="BLRPTMAMBILY" name="GetData" tests="2" failures="0" timestamp="10 Apr 2020 12:41:43 GMT" time="4.350" errors="0">
  <testcase name="testBody" time="3.261" classname="GetData"/>
  <testcase name="testResponseCode" time="1.089" classname="GetData"/>
</testsuite> <!-- GetData -->
