<?xml version="1.0" encoding="UTF-8"?>
<!-- Generated by org.testng.reporters.JUnitReportReporter -->
<testsuite skipped="0" hostname="BLRPTMAMBILY" name="com.restassured.tests.GetExample" tests="1" failures="0" timestamp="11 Apr 2020 14:41:26 GMT" time="2.560" errors="0">
  <testcase name="getMethod" time="2.560" classname="com.restassured.tests.GetExample"/>
</testsuite> <!-- com.restassured.tests.GetExample -->
