<?xml version="1.0" encoding="UTF-8"?>
<!-- Generated by org.testng.reporters.JUnitReportReporter -->
<testsuite skipped="0" hostname="BLRPTMAMBILY" name="com.restassured.tests.OAuthMethod1" tests="1" failures="0" timestamp="12 Apr 2020 14:50:16 GMT" time="3.114" errors="0">
  <testcase name="authenticationMethod" time="3.114" classname="com.restassured.tests.OAuthMethod1"/>
</testsuite> <!-- com.restassured.tests.OAuthMethod1 -->
